repeat: 0 +++++++++++++++++++++++++++++++++++
 crossfold: 0 ----------------------------
         epoch: 0 zzzzzzzzzzzzzzzz
common model begin training---------- 2021-05-14 21:21:51.267447
the loss of common model epoch[1 / 1]:is 6353, time:237 s
predict model begin training---------- 2021-05-14 21:25:48.969677
the loss of predict model epoch[1 / 1]:is   68, time:236 s
         epoch: 1 zzzzzzzzzzzzzzzz
common model begin training---------- 2021-05-14 21:29:45.621077
the loss of common model epoch[1 / 1]:is 2001, time:237 s
predict model begin training---------- 2021-05-14 21:33:42.946951
the loss of predict model epoch[1 / 1]:is   57, time:236 s
         epoch: 2 zzzzzzzzzzzzzzzz
common model begin training---------- 2021-05-14 21:37:39.518491
the loss of common model epoch[1 / 1]:is 1337, time:236 s
predict model begin training---------- 2021-05-14 21:41:35.738379
the loss of predict model epoch[1 / 1]:is   54, time:236 s
         epoch: 3 zzzzzzzzzzzzzzzz
common model begin training---------- 2021-05-14 21:45:32.575046
the loss of common model epoch[1 / 1]:is 1189, time:236 s
predict model begin training---------- 2021-05-14 21:49:29.528995
the loss of predict model epoch[1 / 1]:is   53, time:236 s
         epoch: 4 zzzzzzzzzzzzzzzz
common model begin training---------- 2021-05-14 21:53:26.172424
the loss of common model epoch[1 / 1]:is 1093, time:236 s
predict model begin training---------- 2021-05-14 21:57:22.314971
the loss of predict model epoch[1 / 1]:is   52, time:236 s
         epoch: 5 zzzzzzzzzzzzzzzz
common model begin training---------- 2021-05-14 22:01:18.734437
the loss of common model epoch[1 / 1]:is 1020, time:236 s
predict model begin training---------- 2021-05-14 22:05:15.476221
the loss of predict model epoch[1 / 1]:is   51, time:236 s
         epoch: 6 zzzzzzzzzzzzzzzz
common model begin training---------- 2021-05-14 22:09:11.921303
the loss of common model epoch[1 / 1]:is  947, time:235 s
predict model begin training---------- 2021-05-14 22:13:07.906209
the loss of predict model epoch[1 / 1]:is   51, time:236 s
         epoch: 7 zzzzzzzzzzzzzzzz
common model begin training---------- 2021-05-14 22:17:04.593461
the loss of common model epoch[1 / 1]:is  896, time:236 s
predict model begin training---------- 2021-05-14 22:21:01.008255
the loss of predict model epoch[1 / 1]:is   50, time:236 s
         epoch: 8 zzzzzzzzzzzzzzzz
common model begin training---------- 2021-05-14 22:24:57.348821
the loss of common model epoch[1 / 1]:is  821, time:236 s
predict model begin training---------- 2021-05-14 22:28:53.762883
the loss of predict model epoch[1 / 1]:is   50, time:236 s
         epoch: 9 zzzzzzzzzzzzzzzz
common model begin training---------- 2021-05-14 22:32:50.699211
the loss of common model epoch[1 / 1]:is  771, time:236 s
predict model begin training---------- 2021-05-14 22:36:47.261253
the loss of predict model epoch[1 / 1]:is   50, time:236 s
         epoch: 10 zzzzzzzzzzzzzzzz
common model begin training---------- 2021-05-14 22:40:43.843180
the loss of common model epoch[1 / 1]:is  738, time:236 s
predict model begin training---------- 2021-05-14 22:44:40.024749
the loss of predict model epoch[1 / 1]:is   50, time:236 s
         epoch: 11 zzzzzzzzzzzzzzzz
common model begin training---------- 2021-05-14 22:48:36.683535
the loss of common model epoch[1 / 1]:is  698, time:236 s
predict model begin training---------- 2021-05-14 22:52:33.025921
the loss of predict model epoch[1 / 1]:is   50, time:236 s
         epoch: 12 zzzzzzzzzzzzzzzz
common model begin training---------- 2021-05-14 22:56:29.893841
the loss of common model epoch[1 / 1]:is  654, time:236 s
predict model begin training---------- 2021-05-14 23:00:26.083831
the loss of predict model epoch[1 / 1]:is   49, time:236 s
         epoch: 13 zzzzzzzzzzzzzzzz
common model begin training---------- 2021-05-14 23:04:22.847219
the loss of common model epoch[1 / 1]:is  631, time:236 s
predict model begin training---------- 2021-05-14 23:08:19.506255
the loss of predict model epoch[1 / 1]:is   50, time:236 s
         epoch: 14 zzzzzzzzzzzzzzzz
common model begin training---------- 2021-05-14 23:12:16.254164
the loss of common model epoch[1 / 1]:is  602, time:235 s
predict model begin training---------- 2021-05-14 23:16:12.174849
the loss of predict model epoch[1 / 1]:is   49, time:236 s
         epoch: 15 zzzzzzzzzzzzzzzz
common model begin training---------- 2021-05-14 23:20:08.426130
the loss of common model epoch[1 / 1]:is  577, time:236 s
predict model begin training---------- 2021-05-14 23:24:05.431826
the loss of predict model epoch[1 / 1]:is   49, time:236 s
         epoch: 16 zzzzzzzzzzzzzzzz
common model begin training---------- 2021-05-14 23:28:01.997261
the loss of common model epoch[1 / 1]:is  548, time:236 s
predict model begin training---------- 2021-05-14 23:31:58.213235
the loss of predict model epoch[1 / 1]:is   49, time:236 s
         epoch: 17 zzzzzzzzzzzzzzzz
common model begin training---------- 2021-05-14 23:35:54.902946
the loss of common model epoch[1 / 1]:is  517, time:236 s
predict model begin training---------- 2021-05-14 23:39:51.685776
the loss of predict model epoch[1 / 1]:is   49, time:237 s
         epoch: 18 zzzzzzzzzzzzzzzz
common model begin training---------- 2021-05-14 23:43:48.833486
the loss of common model epoch[1 / 1]:is  507, time:236 s
predict model begin training---------- 2021-05-14 23:47:45.044104
the loss of predict model epoch[1 / 1]:is   49, time:236 s
         epoch: 19 zzzzzzzzzzzzzzzz
common model begin training---------- 2021-05-14 23:51:41.868564
the loss of common model epoch[1 / 1]:is  474, time:236 s
predict model begin training---------- 2021-05-14 23:55:38.875294
the loss of predict model epoch[1 / 1]:is   48, time:236 s
         epoch: 20 zzzzzzzzzzzzzzzz
common model begin training---------- 2021-05-14 23:59:35.445070
the loss of common model epoch[1 / 1]:is  462, time:235 s
predict model begin training---------- 2021-05-15 00:03:31.363347
the loss of predict model epoch[1 / 1]:is   48, time:236 s
         epoch: 21 zzzzzzzzzzzzzzzz
common model begin training---------- 2021-05-15 00:07:28.224575
the loss of common model epoch[1 / 1]:is  451, time:236 s
predict model begin training---------- 2021-05-15 00:11:25.030762
the loss of predict model epoch[1 / 1]:is   48, time:236 s
         epoch: 22 zzzzzzzzzzzzzzzz
common model begin training---------- 2021-05-15 00:15:21.550338
the loss of common model epoch[1 / 1]:is  434, time:235 s
predict model begin training---------- 2021-05-15 00:19:17.320812
the loss of predict model epoch[1 / 1]:is   48, time:237 s
         epoch: 23 zzzzzzzzzzzzzzzz
common model begin training---------- 2021-05-15 00:23:14.362805
the loss of common model epoch[1 / 1]:is  413, time:236 s
predict model begin training---------- 2021-05-15 00:27:11.356216
the loss of predict model epoch[1 / 1]:is   48, time:236 s
         epoch: 24 zzzzzzzzzzzzzzzz
common model begin training---------- 2021-05-15 00:31:08.009332
the loss of common model epoch[1 / 1]:is  401, time:236 s
predict model begin training---------- 2021-05-15 00:35:04.128696
the loss of predict model epoch[1 / 1]:is   47, time:236 s
         epoch: 25 zzzzzzzzzzzzzzzz
common model begin training---------- 2021-05-15 00:39:00.672686
the loss of common model epoch[1 / 1]:is  375, time:236 s
predict model begin training---------- 2021-05-15 00:42:56.967045
the loss of predict model epoch[1 / 1]:is   48, time:236 s
         epoch: 26 zzzzzzzzzzzzzzzz
common model begin training---------- 2021-05-15 00:46:53.151021
the loss of common model epoch[1 / 1]:is  373, time:235 s
predict model begin training---------- 2021-05-15 00:50:49.143727
the loss of predict model epoch[1 / 1]:is   47, time:236 s
         epoch: 27 zzzzzzzzzzzzzzzz
common model begin training---------- 2021-05-15 00:54:45.807391
the loss of common model epoch[1 / 1]:is  359, time:236 s
predict model begin training---------- 2021-05-15 00:58:42.504447
the loss of predict model epoch[1 / 1]:is   47, time:236 s
         epoch: 28 zzzzzzzzzzzzzzzz
common model begin training---------- 2021-05-15 01:02:39.358051
the loss of common model epoch[1 / 1]:is  348, time:236 s
predict model begin training---------- 2021-05-15 01:06:35.466029
the loss of predict model epoch[1 / 1]:is   47, time:236 s
         epoch: 29 zzzzzzzzzzzzzzzz
common model begin training---------- 2021-05-15 01:10:32.206199
the loss of common model epoch[1 / 1]:is  335, time:236 s
predict model begin training---------- 2021-05-15 01:14:28.845074
the loss of predict model epoch[1 / 1]:is   47, time:236 s
evaluate the model
the total_loss of test model:is    5, time:8 s
avg_acc: 0.9420825626563044 avg_aupr: 0.9328359272586172
 crossfold: 1 ----------------------------
         epoch: 0 zzzzzzzzzzzzzzzz
common model begin training---------- 2021-05-15 01:18:34.100023
the loss of common model epoch[1 / 1]:is 7385, time:236 s
predict model begin training---------- 2021-05-15 01:22:30.705651
the loss of predict model epoch[1 / 1]:is   68, time:236 s
         epoch: 1 zzzzzzzzzzzzzzzz
common model begin training---------- 2021-05-15 01:26:26.912520
the loss of common model epoch[1 / 1]:is 2082, time:235 s
predict model begin training---------- 2021-05-15 01:30:22.757456
the loss of predict model epoch[1 / 1]:is   56, time:236 s
         epoch: 2 zzzzzzzzzzzzzzzz
common model begin training---------- 2021-05-15 01:34:19.306118
the loss of common model epoch[1 / 1]:is 1099, time:236 s
predict model begin training---------- 2021-05-15 01:38:15.718998
the loss of predict model epoch[1 / 1]:is   51, time:236 s
         epoch: 3 zzzzzzzzzzzzzzzz
common model begin training---------- 2021-05-15 01:42:12.459395
the loss of common model epoch[1 / 1]:is  872, time:236 s
predict model begin training---------- 2021-05-15 01:46:08.732061
the loss of predict model epoch[1 / 1]:is   50, time:236 s
         epoch: 4 zzzzzzzzzzzzzzzz
common model begin training---------- 2021-05-15 01:50:05.363795
the loss of common model epoch[1 / 1]:is  774, time:235 s
predict model begin training---------- 2021-05-15 01:54:01.193216
the loss of predict model epoch[1 / 1]:is   49, time:236 s
         epoch: 5 zzzzzzzzzzzzzzzz
common model begin training---------- 2021-05-15 01:57:57.706981
the loss of common model epoch[1 / 1]:is  711, time:236 s
predict model begin training---------- 2021-05-15 02:01:53.757086
the loss of predict model epoch[1 / 1]:is   48, time:236 s
         epoch: 6 zzzzzzzzzzzzzzzz
common model begin training---------- 2021-05-15 02:05:50.434386
the loss of common model epoch[1 / 1]:is  647, time:236 s
predict model begin training---------- 2021-05-15 02:09:46.473886
the loss of predict model epoch[1 / 1]:is   48, time:236 s
         epoch: 7 zzzzzzzzzzzzzzzz
common model begin training---------- 2021-05-15 02:13:42.973168
the loss of common model epoch[1 / 1]:is  595, time:235 s
predict model begin training---------- 2021-05-15 02:17:38.929292
the loss of predict model epoch[1 / 1]:is   47, time:236 s
         epoch: 8 zzzzzzzzzzzzzzzz
common model begin training---------- 2021-05-15 02:21:35.105206
the loss of common model epoch[1 / 1]:is  542, time:236 s
predict model begin training---------- 2021-05-15 02:25:31.212476
the loss of predict model epoch[1 / 1]:is   47, time:236 s
         epoch: 9 zzzzzzzzzzzzzzzz
common model begin training---------- 2021-05-15 02:29:27.891018
the loss of common model epoch[1 / 1]:is  503, time:236 s
predict model begin training---------- 2021-05-15 02:33:24.387104
the loss of predict model epoch[1 / 1]:is   47, time:237 s
         epoch: 10 zzzzzzzzzzzzzzzz
common model begin training---------- 2021-05-15 02:37:21.446383
the loss of common model epoch[1 / 1]:is  465, time:236 s
predict model begin training---------- 2021-05-15 02:41:17.777338
the loss of predict model epoch[1 / 1]:is   46, time:236 s
         epoch: 11 zzzzzzzzzzzzzzzz
common model begin training---------- 2021-05-15 02:45:14.691261
the loss of common model epoch[1 / 1]:is  430, time:236 s
predict model begin training---------- 2021-05-15 02:49:10.924019
the loss of predict model epoch[1 / 1]:is   46, time:236 s
         epoch: 12 zzzzzzzzzzzzzzzz
common model begin training---------- 2021-05-15 02:53:07.102002
the loss of common model epoch[1 / 1]:is  399, time:236 s
predict model begin training---------- 2021-05-15 02:57:03.491831
the loss of predict model epoch[1 / 1]:is   46, time:236 s
         epoch: 13 zzzzzzzzzzzzzzzz
common model begin training---------- 2021-05-15 03:01:00.186791
the loss of common model epoch[1 / 1]:is  368, time:236 s
predict model begin training---------- 2021-05-15 03:04:56.327993
the loss of predict model epoch[1 / 1]:is   46, time:236 s
         epoch: 14 zzzzzzzzzzzzzzzz
common model begin training---------- 2021-05-15 03:08:53.178251
the loss of common model epoch[1 / 1]:is  340, time:235 s
predict model begin training---------- 2021-05-15 03:12:49.085543
the loss of predict model epoch[1 / 1]:is   46, time:237 s
         epoch: 15 zzzzzzzzzzzzzzzz
common model begin training---------- 2021-05-15 03:16:46.204224
the loss of common model epoch[1 / 1]:is  316, time:236 s
predict model begin training---------- 2021-05-15 03:20:42.322971
the loss of predict model epoch[1 / 1]:is   45, time:236 s
         epoch: 16 zzzzzzzzzzzzzzzz
common model begin training---------- 2021-05-15 03:24:39.322384
the loss of common model epoch[1 / 1]:is  298, time:236 s
predict model begin training---------- 2021-05-15 03:28:35.404020
the loss of predict model epoch[1 / 1]:is   45, time:236 s
         epoch: 17 zzzzzzzzzzzzzzzz
common model begin training---------- 2021-05-15 03:32:32.062297
the loss of common model epoch[1 / 1]:is  278, time:236 s
predict model begin training---------- 2021-05-15 03:36:28.418156
the loss of predict model epoch[1 / 1]:is   45, time:236 s
         epoch: 18 zzzzzzzzzzzzzzzz
common model begin training---------- 2021-05-15 03:40:24.972756
the loss of common model epoch[1 / 1]:is  262, time:236 s
predict model begin training---------- 2021-05-15 03:44:21.111479
the loss of predict model epoch[1 / 1]:is   45, time:236 s
         epoch: 19 zzzzzzzzzzzzzzzz
common model begin training---------- 2021-05-15 03:48:17.625404
the loss of common model epoch[1 / 1]:is  247, time:235 s
predict model begin training---------- 2021-05-15 03:52:13.576061
the loss of predict model epoch[1 / 1]:is   45, time:236 s
         epoch: 20 zzzzzzzzzzzzzzzz
common model begin training---------- 2021-05-15 03:56:10.329322
the loss of common model epoch[1 / 1]:is  229, time:236 s
predict model begin training---------- 2021-05-15 04:00:06.533120
the loss of predict model epoch[1 / 1]:is   45, time:236 s
         epoch: 21 zzzzzzzzzzzzzzzz
common model begin training---------- 2021-05-15 04:04:02.669385
the loss of common model epoch[1 / 1]:is  221, time:236 s
predict model begin training---------- 2021-05-15 04:07:59.028478
the loss of predict model epoch[1 / 1]:is   45, time:236 s
         epoch: 22 zzzzzzzzzzzzzzzz
common model begin training---------- 2021-05-15 04:11:55.775636
the loss of common model epoch[1 / 1]:is  205, time:235 s
predict model begin training---------- 2021-05-15 04:15:51.390396
the loss of predict model epoch[1 / 1]:is   45, time:236 s
         epoch: 23 zzzzzzzzzzzzzzzz
common model begin training---------- 2021-05-15 04:19:48.228760
the loss of common model epoch[1 / 1]:is  194, time:236 s
predict model begin training---------- 2021-05-15 04:23:44.466633
the loss of predict model epoch[1 / 1]:is   44, time:236 s
         epoch: 24 zzzzzzzzzzzzzzzz
common model begin training---------- 2021-05-15 04:27:41.241044
the loss of common model epoch[1 / 1]:is  182, time:236 s
predict model begin training---------- 2021-05-15 04:31:37.414412
the loss of predict model epoch[1 / 1]:is   44, time:236 s
         epoch: 25 zzzzzzzzzzzzzzzz
common model begin training---------- 2021-05-15 04:35:34.209427
the loss of common model epoch[1 / 1]:is  175, time:235 s
predict model begin training---------- 2021-05-15 04:39:30.062526
the loss of predict model epoch[1 / 1]:is   44, time:236 s
         epoch: 26 zzzzzzzzzzzzzzzz
common model begin training---------- 2021-05-15 04:43:26.933235
the loss of common model epoch[1 / 1]:is  165, time:235 s
predict model begin training---------- 2021-05-15 04:47:22.907871
the loss of predict model epoch[1 / 1]:is   44, time:236 s
         epoch: 27 zzzzzzzzzzzzzzzz
common model begin training---------- 2021-05-15 04:51:19.711714
the loss of common model epoch[1 / 1]:is  156, time:236 s
predict model begin training---------- 2021-05-15 04:55:16.165579
the loss of predict model epoch[1 / 1]:is   44, time:236 s
         epoch: 28 zzzzzzzzzzzzzzzz
common model begin training---------- 2021-05-15 04:59:12.949339
the loss of common model epoch[1 / 1]:is  150, time:236 s
predict model begin training---------- 2021-05-15 05:03:09.281041
the loss of predict model epoch[1 / 1]:is   44, time:236 s
         epoch: 29 zzzzzzzzzzzzzzzz
common model begin training---------- 2021-05-15 05:07:05.876035
the loss of common model epoch[1 / 1]:is  141, time:236 s
predict model begin training---------- 2021-05-15 05:11:01.997944
the loss of predict model epoch[1 / 1]:is   44, time:236 s
evaluate the model
the total_loss of test model:is    6, time:8 s
avg_acc: 0.9415734923471692 avg_aupr: 0.9298399932724289
 crossfold: 2 ----------------------------
         epoch: 0 zzzzzzzzzzzzzzzz
common model begin training---------- 2021-05-15 05:15:06.956435
the loss of common model epoch[1 / 1]:is 13180, time:235 s
predict model begin training---------- 2021-05-15 05:19:02.922433
the loss of predict model epoch[1 / 1]:is   73, time:236 s
         epoch: 1 zzzzzzzzzzzzzzzz
common model begin training---------- 2021-05-15 05:22:59.620749
the loss of common model epoch[1 / 1]:is 3295, time:236 s
predict model begin training---------- 2021-05-15 05:26:55.768465
the loss of predict model epoch[1 / 1]:is   62, time:236 s
         epoch: 2 zzzzzzzzzzzzzzzz
common model begin training---------- 2021-05-15 05:30:52.363107
the loss of common model epoch[1 / 1]:is 1527, time:236 s
predict model begin training---------- 2021-05-15 05:34:48.810367
the loss of predict model epoch[1 / 1]:is   56, time:237 s
         epoch: 3 zzzzzzzzzzzzzzzz
common model begin training---------- 2021-05-15 05:38:46.016507
the loss of common model epoch[1 / 1]:is 1036, time:236 s
predict model begin training---------- 2021-05-15 05:42:42.243063
the loss of predict model epoch[1 / 1]:is   53, time:236 s
         epoch: 4 zzzzzzzzzzzzzzzz
common model begin training---------- 2021-05-15 05:46:38.844694
the loss of common model epoch[1 / 1]:is  886, time:236 s
predict model begin training---------- 2021-05-15 05:50:34.916863
the loss of predict model epoch[1 / 1]:is   53, time:236 s
         epoch: 5 zzzzzzzzzzzzzzzz
common model begin training---------- 2021-05-15 05:54:31.591788
the loss of common model epoch[1 / 1]:is  813, time:236 s
predict model begin training---------- 2021-05-15 05:58:27.633493
the loss of predict model epoch[1 / 1]:is   51, time:236 s
         epoch: 6 zzzzzzzzzzzzzzzz
common model begin training---------- 2021-05-15 06:02:24.201928
the loss of common model epoch[1 / 1]:is  750, time:235 s
predict model begin training---------- 2021-05-15 06:06:20.162036
the loss of predict model epoch[1 / 1]:is   52, time:236 s
         epoch: 7 zzzzzzzzzzzzzzzz
common model begin training---------- 2021-05-15 06:10:17.173344
the loss of common model epoch[1 / 1]:is  698, time:236 s
predict model begin training---------- 2021-05-15 06:14:13.597927
the loss of predict model epoch[1 / 1]:is   51, time:236 s
         epoch: 8 zzzzzzzzzzzzzzzz
common model begin training---------- 2021-05-15 06:18:10.469644
the loss of common model epoch[1 / 1]:is  652, time:236 s
predict model begin training---------- 2021-05-15 06:22:06.760335
the loss of predict model epoch[1 / 1]:is   51, time:237 s
         epoch: 9 zzzzzzzzzzzzzzzz
common model begin training---------- 2021-05-15 06:26:03.874105
the loss of common model epoch[1 / 1]:is  601, time:236 s
predict model begin training---------- 2021-05-15 06:30:00.267968
the loss of predict model epoch[1 / 1]:is   51, time:236 s
         epoch: 10 zzzzzzzzzzzzzzzz
common model begin training---------- 2021-05-15 06:33:56.581391
the loss of common model epoch[1 / 1]:is  557, time:235 s
predict model begin training---------- 2021-05-15 06:37:52.583052
the loss of predict model epoch[1 / 1]:is   51, time:236 s
         epoch: 11 zzzzzzzzzzzzzzzz
common model begin training---------- 2021-05-15 06:41:49.390341
the loss of common model epoch[1 / 1]:is  529, time:236 s
predict model begin training---------- 2021-05-15 06:45:45.620092
the loss of predict model epoch[1 / 1]:is   50, time:236 s
         epoch: 12 zzzzzzzzzzzzzzzz
common model begin training---------- 2021-05-15 06:49:42.606818
the loss of common model epoch[1 / 1]:is  501, time:236 s
predict model begin training---------- 2021-05-15 06:53:39.153956
the loss of predict model epoch[1 / 1]:is   51, time:236 s
         epoch: 13 zzzzzzzzzzzzzzzz
common model begin training---------- 2021-05-15 06:57:35.573383
the loss of common model epoch[1 / 1]:is  477, time:235 s
predict model begin training---------- 2021-05-15 07:01:31.243947
the loss of predict model epoch[1 / 1]:is   50, time:236 s
         epoch: 14 zzzzzzzzzzzzzzzz
common model begin training---------- 2021-05-15 07:05:28.012038
the loss of common model epoch[1 / 1]:is  438, time:236 s
predict model begin training---------- 2021-05-15 07:09:24.416838
the loss of predict model epoch[1 / 1]:is   50, time:236 s
         epoch: 15 zzzzzzzzzzzzzzzz
common model begin training---------- 2021-05-15 07:13:21.294397
the loss of common model epoch[1 / 1]:is  422, time:236 s
predict model begin training---------- 2021-05-15 07:17:17.437987
the loss of predict model epoch[1 / 1]:is   50, time:237 s
         epoch: 16 zzzzzzzzzzzzzzzz
common model begin training---------- 2021-05-15 07:21:14.529948
the loss of common model epoch[1 / 1]:is  399, time:236 s
predict model begin training---------- 2021-05-15 07:25:10.762701
the loss of predict model epoch[1 / 1]:is   50, time:236 s
         epoch: 17 zzzzzzzzzzzzzzzz
common model begin training---------- 2021-05-15 07:29:07.555976
the loss of common model epoch[1 / 1]:is  371, time:236 s
predict model begin training---------- 2021-05-15 07:33:03.815535
the loss of predict model epoch[1 / 1]:is   49, time:236 s
         epoch: 18 zzzzzzzzzzzzzzzz
common model begin training---------- 2021-05-15 07:37:00.463332
the loss of common model epoch[1 / 1]:is  361, time:235 s
predict model begin training---------- 2021-05-15 07:40:56.337047
the loss of predict model epoch[1 / 1]:is   50, time:236 s
         epoch: 19 zzzzzzzzzzzzzzzz
common model begin training---------- 2021-05-15 07:44:53.045206
the loss of common model epoch[1 / 1]:is  341, time:235 s
predict model begin training---------- 2021-05-15 07:48:48.904089
the loss of predict model epoch[1 / 1]:is   50, time:236 s
         epoch: 20 zzzzzzzzzzzzzzzz
common model begin training---------- 2021-05-15 07:52:45.458689
the loss of common model epoch[1 / 1]:is  320, time:236 s
predict model begin training---------- 2021-05-15 07:56:41.696262
the loss of predict model epoch[1 / 1]:is   49, time:236 s
         epoch: 21 zzzzzzzzzzzzzzzz
common model begin training---------- 2021-05-15 08:00:38.366130
the loss of common model epoch[1 / 1]:is  301, time:236 s
predict model begin training---------- 2021-05-15 08:04:34.762433
the loss of predict model epoch[1 / 1]:is   49, time:236 s
         epoch: 22 zzzzzzzzzzzzzzzz
common model begin training---------- 2021-05-15 08:08:31.581197
the loss of common model epoch[1 / 1]:is  286, time:236 s
predict model begin training---------- 2021-05-15 08:12:27.936408
the loss of predict model epoch[1 / 1]:is   49, time:236 s
         epoch: 23 zzzzzzzzzzzzzzzz
common model begin training---------- 2021-05-15 08:16:24.403060
the loss of common model epoch[1 / 1]:is  272, time:236 s
predict model begin training---------- 2021-05-15 08:20:20.853492
the loss of predict model epoch[1 / 1]:is   49, time:236 s
         epoch: 24 zzzzzzzzzzzzzzzz
common model begin training---------- 2021-05-15 08:24:17.639285
the loss of common model epoch[1 / 1]:is  255, time:236 s
predict model begin training---------- 2021-05-15 08:28:14.016370
the loss of predict model epoch[1 / 1]:is   49, time:236 s
         epoch: 25 zzzzzzzzzzzzzzzz
common model begin training---------- 2021-05-15 08:32:10.893131
the loss of common model epoch[1 / 1]:is  244, time:236 s
predict model begin training---------- 2021-05-15 08:36:07.458328
the loss of predict model epoch[1 / 1]:is   49, time:236 s
         epoch: 26 zzzzzzzzzzzzzzzz
common model begin training---------- 2021-05-15 08:40:04.219329
the loss of common model epoch[1 / 1]:is  228, time:236 s
predict model begin training---------- 2021-05-15 08:44:00.606362
the loss of predict model epoch[1 / 1]:is   48, time:236 s
         epoch: 27 zzzzzzzzzzzzzzzz
common model begin training---------- 2021-05-15 08:47:57.549780
the loss of common model epoch[1 / 1]:is  223, time:236 s
predict model begin training---------- 2021-05-15 08:51:54.233706
the loss of predict model epoch[1 / 1]:is   49, time:236 s
         epoch: 28 zzzzzzzzzzzzzzzz
common model begin training---------- 2021-05-15 08:55:51.226067
the loss of common model epoch[1 / 1]:is  211, time:235 s
predict model begin training---------- 2021-05-15 08:59:47.244058
the loss of predict model epoch[1 / 1]:is   48, time:236 s
         epoch: 29 zzzzzzzzzzzzzzzz
common model begin training---------- 2021-05-15 09:03:43.938689
the loss of common model epoch[1 / 1]:is  205, time:235 s
predict model begin training---------- 2021-05-15 09:07:39.947346
the loss of predict model epoch[1 / 1]:is   48, time:236 s
evaluate the model
the total_loss of test model:is    6, time:8 s
avg_acc: 0.9180187080358583 avg_aupr: 0.9122984545453027
 crossfold: 3 ----------------------------
         epoch: 0 zzzzzzzzzzzzzzzz
common model begin training---------- 2021-05-15 09:11:45.028937
the loss of common model epoch[1 / 1]:is 8234, time:235 s
predict model begin training---------- 2021-05-15 09:15:41.039464
the loss of predict model epoch[1 / 1]:is   72, time:236 s
         epoch: 1 zzzzzzzzzzzzzzzz
common model begin training---------- 2021-05-15 09:19:37.851256
the loss of common model epoch[1 / 1]:is 2368, time:236 s
predict model begin training---------- 2021-05-15 09:23:34.120151
the loss of predict model epoch[1 / 1]:is   61, time:236 s
         epoch: 2 zzzzzzzzzzzzzzzz
common model begin training---------- 2021-05-15 09:27:30.740450
the loss of common model epoch[1 / 1]:is 1364, time:236 s
predict model begin training---------- 2021-05-15 09:31:26.991236
the loss of predict model epoch[1 / 1]:is   56, time:236 s
         epoch: 3 zzzzzzzzzzzzzzzz
common model begin training---------- 2021-05-15 09:35:23.720418
the loss of common model epoch[1 / 1]:is  962, time:236 s
predict model begin training---------- 2021-05-15 09:39:20.209705
the loss of predict model epoch[1 / 1]:is   52, time:236 s
         epoch: 4 zzzzzzzzzzzzzzzz
common model begin training---------- 2021-05-15 09:43:16.863969
the loss of common model epoch[1 / 1]:is  836, time:235 s
predict model begin training---------- 2021-05-15 09:47:12.847325
the loss of predict model epoch[1 / 1]:is   52, time:236 s
         epoch: 5 zzzzzzzzzzzzzzzz
common model begin training---------- 2021-05-15 09:51:09.573050
the loss of common model epoch[1 / 1]:is  763, time:236 s
predict model begin training---------- 2021-05-15 09:55:05.890190
the loss of predict model epoch[1 / 1]:is   51, time:236 s
         epoch: 6 zzzzzzzzzzzzzzzz
common model begin training---------- 2021-05-15 09:59:02.544548
the loss of common model epoch[1 / 1]:is  702, time:236 s
predict model begin training---------- 2021-05-15 10:02:58.727524
the loss of predict model epoch[1 / 1]:is   51, time:236 s
         epoch: 7 zzzzzzzzzzzzzzzz
common model begin training---------- 2021-05-15 10:06:55.433196
the loss of common model epoch[1 / 1]:is  666, time:236 s
predict model begin training---------- 2021-05-15 10:10:51.811128
the loss of predict model epoch[1 / 1]:is   50, time:236 s
         epoch: 8 zzzzzzzzzzzzzzzz
common model begin training---------- 2021-05-15 10:14:48.491259
the loss of common model epoch[1 / 1]:is  617, time:236 s
predict model begin training---------- 2021-05-15 10:18:45.068918
the loss of predict model epoch[1 / 1]:is   50, time:236 s
         epoch: 9 zzzzzzzzzzzzzzzz
common model begin training---------- 2021-05-15 10:22:41.581708
the loss of common model epoch[1 / 1]:is  583, time:236 s
predict model begin training---------- 2021-05-15 10:26:37.864017
the loss of predict model epoch[1 / 1]:is   50, time:237 s
         epoch: 10 zzzzzzzzzzzzzzzz
common model begin training---------- 2021-05-15 10:30:34.917066
the loss of common model epoch[1 / 1]:is  545, time:236 s
predict model begin training---------- 2021-05-15 10:34:31.047993
the loss of predict model epoch[1 / 1]:is   50, time:236 s
         epoch: 11 zzzzzzzzzzzzzzzz
common model begin training---------- 2021-05-15 10:38:27.795905
the loss of common model epoch[1 / 1]:is  520, time:236 s
predict model begin training---------- 2021-05-15 10:42:23.903327
the loss of predict model epoch[1 / 1]:is   49, time:236 s
         epoch: 12 zzzzzzzzzzzzzzzz
common model begin training---------- 2021-05-15 10:46:20.790096
the loss of common model epoch[1 / 1]:is  487, time:236 s
predict model begin training---------- 2021-05-15 10:50:17.076142
the loss of predict model epoch[1 / 1]:is   50, time:236 s
         epoch: 13 zzzzzzzzzzzzzzzz
common model begin training---------- 2021-05-15 10:54:13.706650
the loss of common model epoch[1 / 1]:is  469, time:236 s
predict model begin training---------- 2021-05-15 10:58:09.883906
the loss of predict model epoch[1 / 1]:is   49, time:236 s
         epoch: 14 zzzzzzzzzzzzzzzz
common model begin training---------- 2021-05-15 11:02:06.558923
the loss of common model epoch[1 / 1]:is  445, time:235 s
predict model begin training---------- 2021-05-15 11:06:02.528084
the loss of predict model epoch[1 / 1]:is   49, time:236 s
         epoch: 15 zzzzzzzzzzzzzzzz
common model begin training---------- 2021-05-15 11:09:59.449663
the loss of common model epoch[1 / 1]:is  418, time:236 s
predict model begin training---------- 2021-05-15 11:13:55.937429
the loss of predict model epoch[1 / 1]:is   49, time:236 s
         epoch: 16 zzzzzzzzzzzzzzzz
common model begin training---------- 2021-05-15 11:17:52.649149
the loss of common model epoch[1 / 1]:is  396, time:235 s
predict model begin training---------- 2021-05-15 11:21:48.669723
the loss of predict model epoch[1 / 1]:is   49, time:236 s
         epoch: 17 zzzzzzzzzzzzzzzz
common model begin training---------- 2021-05-15 11:25:45.504098
the loss of common model epoch[1 / 1]:is  379, time:236 s
predict model begin training---------- 2021-05-15 11:29:41.953269
the loss of predict model epoch[1 / 1]:is   49, time:236 s
         epoch: 18 zzzzzzzzzzzzzzzz
common model begin training---------- 2021-05-15 11:33:38.273006
the loss of common model epoch[1 / 1]:is  373, time:236 s
predict model begin training---------- 2021-05-15 11:37:34.389824
the loss of predict model epoch[1 / 1]:is   49, time:236 s
         epoch: 19 zzzzzzzzzzzzzzzz
common model begin training---------- 2021-05-15 11:41:30.857159
the loss of common model epoch[1 / 1]:is  346, time:236 s
predict model begin training---------- 2021-05-15 11:45:27.235105
the loss of predict model epoch[1 / 1]:is   49, time:237 s
         epoch: 20 zzzzzzzzzzzzzzzz
common model begin training---------- 2021-05-15 11:49:24.295161
the loss of common model epoch[1 / 1]:is  337, time:236 s
predict model begin training---------- 2021-05-15 11:53:20.601800
the loss of predict model epoch[1 / 1]:is   48, time:236 s
         epoch: 21 zzzzzzzzzzzzzzzz
common model begin training---------- 2021-05-15 11:57:17.370660
the loss of common model epoch[1 / 1]:is  317, time:236 s
predict model begin training---------- 2021-05-15 12:01:13.823181
the loss of predict model epoch[1 / 1]:is   48, time:236 s
         epoch: 22 zzzzzzzzzzzzzzzz
common model begin training---------- 2021-05-15 12:05:10.604451
the loss of common model epoch[1 / 1]:is  309, time:236 s
predict model begin training---------- 2021-05-15 12:09:07.529661
the loss of predict model epoch[1 / 1]:is   48, time:237 s
         epoch: 23 zzzzzzzzzzzzzzzz
common model begin training---------- 2021-05-15 12:13:04.689296
the loss of common model epoch[1 / 1]:is  289, time:236 s
predict model begin training---------- 2021-05-15 12:17:00.803155
the loss of predict model epoch[1 / 1]:is   48, time:236 s
         epoch: 24 zzzzzzzzzzzzzzzz
common model begin training---------- 2021-05-15 12:20:57.458385
the loss of common model epoch[1 / 1]:is  279, time:236 s
predict model begin training---------- 2021-05-15 12:24:53.843745
the loss of predict model epoch[1 / 1]:is   48, time:236 s
         epoch: 25 zzzzzzzzzzzzzzzz
common model begin training---------- 2021-05-15 12:28:50.861228
the loss of common model epoch[1 / 1]:is  270, time:236 s
predict model begin training---------- 2021-05-15 12:32:47.170061
the loss of predict model epoch[1 / 1]:is   48, time:236 s
         epoch: 26 zzzzzzzzzzzzzzzz
common model begin training---------- 2021-05-15 12:36:43.711474
the loss of common model epoch[1 / 1]:is  262, time:236 s
predict model begin training---------- 2021-05-15 12:40:39.737054
the loss of predict model epoch[1 / 1]:is   48, time:236 s
         epoch: 27 zzzzzzzzzzzzzzzz
common model begin training---------- 2021-05-15 12:44:35.932515
the loss of common model epoch[1 / 1]:is  252, time:236 s
predict model begin training---------- 2021-05-15 12:48:32.356666
the loss of predict model epoch[1 / 1]:is   48, time:236 s
         epoch: 28 zzzzzzzzzzzzzzzz
common model begin training---------- 2021-05-15 12:52:28.928457
the loss of common model epoch[1 / 1]:is  239, time:236 s
predict model begin training---------- 2021-05-15 12:56:25.345571
the loss of predict model epoch[1 / 1]:is   48, time:236 s
         epoch: 29 zzzzzzzzzzzzzzzz
common model begin training---------- 2021-05-15 13:00:22.111987
the loss of common model epoch[1 / 1]:is  235, time:235 s
predict model begin training---------- 2021-05-15 13:04:18.123733
the loss of predict model epoch[1 / 1]:is   48, time:236 s
evaluate the model
the total_loss of test model:is    5, time:8 s
avg_acc: 0.9396902397976876 avg_aupr: 0.9219633310492054
 crossfold: 4 ----------------------------
         epoch: 0 zzzzzzzzzzzzzzzz
common model begin training---------- 2021-05-15 13:08:23.283299
the loss of common model epoch[1 / 1]:is 15593, time:236 s
predict model begin training---------- 2021-05-15 13:12:19.558094
the loss of predict model epoch[1 / 1]:is   65, time:236 s
         epoch: 1 zzzzzzzzzzzzzzzz
common model begin training---------- 2021-05-15 13:16:16.431052
the loss of common model epoch[1 / 1]:is 2964, time:236 s
predict model begin training---------- 2021-05-15 13:20:12.741940
the loss of predict model epoch[1 / 1]:is   52, time:236 s
         epoch: 2 zzzzzzzzzzzzzzzz
common model begin training---------- 2021-05-15 13:24:09.567151
the loss of common model epoch[1 / 1]:is 1241, time:236 s
predict model begin training---------- 2021-05-15 13:28:06.202451
the loss of predict model epoch[1 / 1]:is   48, time:236 s
         epoch: 3 zzzzzzzzzzzzzzzz
common model begin training---------- 2021-05-15 13:32:03.036411
the loss of common model epoch[1 / 1]:is  915, time:236 s
predict model begin training---------- 2021-05-15 13:35:59.229603
the loss of predict model epoch[1 / 1]:is   47, time:236 s
         epoch: 4 zzzzzzzzzzzzzzzz
common model begin training---------- 2021-05-15 13:39:56.032587
the loss of common model epoch[1 / 1]:is  810, time:235 s
predict model begin training---------- 2021-05-15 13:43:52.035886
the loss of predict model epoch[1 / 1]:is   47, time:236 s
         epoch: 5 zzzzzzzzzzzzzzzz
common model begin training---------- 2021-05-15 13:47:48.754607
the loss of common model epoch[1 / 1]:is  742, time:235 s
predict model begin training---------- 2021-05-15 13:51:44.729852
the loss of predict model epoch[1 / 1]:is   47, time:236 s
         epoch: 6 zzzzzzzzzzzzzzzz
common model begin training---------- 2021-05-15 13:55:41.287238
the loss of common model epoch[1 / 1]:is  676, time:236 s
predict model begin training---------- 2021-05-15 13:59:37.881287
the loss of predict model epoch[1 / 1]:is   46, time:236 s
         epoch: 7 zzzzzzzzzzzzzzzz
common model begin training---------- 2021-05-15 14:03:34.370265
the loss of common model epoch[1 / 1]:is  630, time:236 s
predict model begin training---------- 2021-05-15 14:07:30.627503
the loss of predict model epoch[1 / 1]:is   46, time:236 s
         epoch: 8 zzzzzzzzzzzzzzzz
common model begin training---------- 2021-05-15 14:11:27.180234
the loss of common model epoch[1 / 1]:is  578, time:235 s
predict model begin training---------- 2021-05-15 14:15:23.072495
the loss of predict model epoch[1 / 1]:is   46, time:236 s
         epoch: 9 zzzzzzzzzzzzzzzz
common model begin training---------- 2021-05-15 14:19:19.815023
the loss of common model epoch[1 / 1]:is  536, time:236 s
predict model begin training---------- 2021-05-15 14:23:16.050926
the loss of predict model epoch[1 / 1]:is   46, time:237 s
         epoch: 10 zzzzzzzzzzzzzzzz
common model begin training---------- 2021-05-15 14:27:13.134471
the loss of common model epoch[1 / 1]:is  496, time:236 s
predict model begin training---------- 2021-05-15 14:31:09.405652
the loss of predict model epoch[1 / 1]:is   45, time:236 s
         epoch: 11 zzzzzzzzzzzzzzzz
common model begin training---------- 2021-05-15 14:35:06.089916
the loss of common model epoch[1 / 1]:is  463, time:236 s
predict model begin training---------- 2021-05-15 14:39:02.396666
the loss of predict model epoch[1 / 1]:is   45, time:236 s
         epoch: 12 zzzzzzzzzzzzzzzz
common model begin training---------- 2021-05-15 14:42:59.212009
the loss of common model epoch[1 / 1]:is  440, time:236 s
predict model begin training---------- 2021-05-15 14:46:55.658816
the loss of predict model epoch[1 / 1]:is   45, time:236 s
         epoch: 13 zzzzzzzzzzzzzzzz
common model begin training---------- 2021-05-15 14:50:51.971794
the loss of common model epoch[1 / 1]:is  407, time:236 s
predict model begin training---------- 2021-05-15 14:54:48.493538
the loss of predict model epoch[1 / 1]:is   45, time:236 s
         epoch: 14 zzzzzzzzzzzzzzzz
common model begin training---------- 2021-05-15 14:58:45.278079
the loss of common model epoch[1 / 1]:is  377, time:236 s
predict model begin training---------- 2021-05-15 15:02:41.370112
the loss of predict model epoch[1 / 1]:is   45, time:236 s
         epoch: 15 zzzzzzzzzzzzzzzz
common model begin training---------- 2021-05-15 15:06:38.136867
the loss of common model epoch[1 / 1]:is  356, time:236 s
predict model begin training---------- 2021-05-15 15:10:34.276886
the loss of predict model epoch[1 / 1]:is   45, time:236 s
         epoch: 16 zzzzzzzzzzzzzzzz
common model begin training---------- 2021-05-15 15:14:31.014082
the loss of common model epoch[1 / 1]:is  333, time:236 s
predict model begin training---------- 2021-05-15 15:18:27.480257
the loss of predict model epoch[1 / 1]:is   45, time:236 s
         epoch: 17 zzzzzzzzzzzzzzzz
common model begin training---------- 2021-05-15 15:22:24.281924
the loss of common model epoch[1 / 1]:is  318, time:235 s
predict model begin training---------- 2021-05-15 15:26:20.306943
the loss of predict model epoch[1 / 1]:is   45, time:236 s
         epoch: 18 zzzzzzzzzzzzzzzz
common model begin training---------- 2021-05-15 15:30:16.809002
the loss of common model epoch[1 / 1]:is  299, time:236 s
predict model begin training---------- 2021-05-15 15:34:13.350068
the loss of predict model epoch[1 / 1]:is   45, time:236 s
         epoch: 19 zzzzzzzzzzzzzzzz
common model begin training---------- 2021-05-15 15:38:09.951048
the loss of common model epoch[1 / 1]:is  281, time:236 s
predict model begin training---------- 2021-05-15 15:42:06.380515
the loss of predict model epoch[1 / 1]:is   45, time:236 s
         epoch: 20 zzzzzzzzzzzzzzzz
common model begin training---------- 2021-05-15 15:46:03.290545
the loss of common model epoch[1 / 1]:is  270, time:236 s
predict model begin training---------- 2021-05-15 15:49:59.330908
the loss of predict model epoch[1 / 1]:is   45, time:236 s
         epoch: 21 zzzzzzzzzzzzzzzz
common model begin training---------- 2021-05-15 15:53:56.029192
the loss of common model epoch[1 / 1]:is  260, time:236 s
predict model begin training---------- 2021-05-15 15:57:52.250816
the loss of predict model epoch[1 / 1]:is   44, time:236 s
         epoch: 22 zzzzzzzzzzzzzzzz
common model begin training---------- 2021-05-15 16:01:49.108600
the loss of common model epoch[1 / 1]:is  236, time:236 s
predict model begin training---------- 2021-05-15 16:05:45.448083
the loss of predict model epoch[1 / 1]:is   44, time:236 s
         epoch: 23 zzzzzzzzzzzzzzzz
common model begin training---------- 2021-05-15 16:09:42.134528
the loss of common model epoch[1 / 1]:is  232, time:236 s
predict model begin training---------- 2021-05-15 16:13:38.307798
the loss of predict model epoch[1 / 1]:is   44, time:236 s
         epoch: 24 zzzzzzzzzzzzzzzz
common model begin training---------- 2021-05-15 16:17:34.586660
the loss of common model epoch[1 / 1]:is  214, time:236 s
predict model begin training---------- 2021-05-15 16:21:30.718530
the loss of predict model epoch[1 / 1]:is   44, time:236 s
         epoch: 25 zzzzzzzzzzzzzzzz
common model begin training---------- 2021-05-15 16:25:27.341619
the loss of common model epoch[1 / 1]:is  202, time:236 s
predict model begin training---------- 2021-05-15 16:29:23.372970
the loss of predict model epoch[1 / 1]:is   44, time:236 s
         epoch: 26 zzzzzzzzzzzzzzzz
common model begin training---------- 2021-05-15 16:33:19.900712
the loss of common model epoch[1 / 1]:is  194, time:236 s
predict model begin training---------- 2021-05-15 16:37:15.984031
the loss of predict model epoch[1 / 1]:is   44, time:236 s
         epoch: 27 zzzzzzzzzzzzzzzz
common model begin training---------- 2021-05-15 16:41:12.677774
the loss of common model epoch[1 / 1]:is  186, time:236 s
predict model begin training---------- 2021-05-15 16:45:08.707726
the loss of predict model epoch[1 / 1]:is   44, time:236 s
         epoch: 28 zzzzzzzzzzzzzzzz
common model begin training---------- 2021-05-15 16:49:05.470718
the loss of common model epoch[1 / 1]:is  177, time:236 s
predict model begin training---------- 2021-05-15 16:53:01.554731
the loss of predict model epoch[1 / 1]:is   44, time:236 s
         epoch: 29 zzzzzzzzzzzzzzzz
common model begin training---------- 2021-05-15 16:56:57.927365
the loss of common model epoch[1 / 1]:is  173, time:187 s
predict model begin training---------- 2021-05-15 17:00:05.027323
the loss of predict model epoch[1 / 1]:is   44, time:114 s
evaluate the model
the total_loss of test model:is    6, time:4 s
avg_acc: 0.953227952526127 avg_aupr: 0.9452470655375976
 crossfold: 5 ----------------------------
         epoch: 0 zzzzzzzzzzzzzzzz
common model begin training---------- 2021-05-15 17:02:03.528814
the loss of common model epoch[1 / 1]:is 5932, time:113 s
predict model begin training---------- 2021-05-15 17:03:56.645240
the loss of predict model epoch[1 / 1]:is   64, time:114 s
         epoch: 1 zzzzzzzzzzzzzzzz
common model begin training---------- 2021-05-15 17:05:50.828013
the loss of common model epoch[1 / 1]:is 1619, time:113 s
predict model begin training---------- 2021-05-15 17:07:44.044704
the loss of predict model epoch[1 / 1]:is   52, time:114 s
         epoch: 2 zzzzzzzzzzzzzzzz
common model begin training---------- 2021-05-15 17:09:38.416870
the loss of common model epoch[1 / 1]:is 1161, time:113 s
predict model begin training---------- 2021-05-15 17:11:31.529182
the loss of predict model epoch[1 / 1]:is   51, time:114 s
         epoch: 3 zzzzzzzzzzzzzzzz
common model begin training---------- 2021-05-15 17:13:25.962375
the loss of common model epoch[1 / 1]:is 1049, time:113 s
predict model begin training---------- 2021-05-15 17:15:19.079026
the loss of predict model epoch[1 / 1]:is   49, time:113 s
         epoch: 4 zzzzzzzzzzzzzzzz
common model begin training---------- 2021-05-15 17:17:12.739080
the loss of common model epoch[1 / 1]:is  972, time:113 s
predict model begin training---------- 2021-05-15 17:19:06.071802
the loss of predict model epoch[1 / 1]:is   49, time:113 s
         epoch: 5 zzzzzzzzzzzzzzzz
common model begin training---------- 2021-05-15 17:20:59.977433
the loss of common model epoch[1 / 1]:is  899, time:113 s
predict model begin training---------- 2021-05-15 17:22:53.118831
the loss of predict model epoch[1 / 1]:is   48, time:114 s
         epoch: 6 zzzzzzzzzzzzzzzz
common model begin training---------- 2021-05-15 17:24:47.300401
the loss of common model epoch[1 / 1]:is  834, time:113 s
predict model begin training---------- 2021-05-15 17:26:40.395086
the loss of predict model epoch[1 / 1]:is   48, time:113 s
         epoch: 7 zzzzzzzzzzzzzzzz
common model begin training---------- 2021-05-15 17:28:34.370892
the loss of common model epoch[1 / 1]:is  780, time:113 s
predict model begin training---------- 2021-05-15 17:30:27.529040
the loss of predict model epoch[1 / 1]:is   48, time:114 s
         epoch: 8 zzzzzzzzzzzzzzzz
common model begin training---------- 2021-05-15 17:32:21.837762
the loss of common model epoch[1 / 1]:is  726, time:113 s
predict model begin training---------- 2021-05-15 17:34:15.076632
the loss of predict model epoch[1 / 1]:is   48, time:114 s
         epoch: 9 zzzzzzzzzzzzzzzz
common model begin training---------- 2021-05-15 17:36:09.287830
the loss of common model epoch[1 / 1]:is  682, time:113 s
predict model begin training---------- 2021-05-15 17:38:02.625251
the loss of predict model epoch[1 / 1]:is   47, time:114 s
         epoch: 10 zzzzzzzzzzzzzzzz
common model begin training---------- 2021-05-15 17:39:56.847613
the loss of common model epoch[1 / 1]:is  630, time:113 s
predict model begin training---------- 2021-05-15 17:41:49.956104
the loss of predict model epoch[1 / 1]:is   47, time:114 s
         epoch: 11 zzzzzzzzzzzzzzzz
common model begin training---------- 2021-05-15 17:43:43.997307
the loss of common model epoch[1 / 1]:is  590, time:113 s
predict model begin training---------- 2021-05-15 17:45:37.310226
the loss of predict model epoch[1 / 1]:is   47, time:113 s
         epoch: 12 zzzzzzzzzzzzzzzz
common model begin training---------- 2021-05-15 17:47:31.208784
the loss of common model epoch[1 / 1]:is  548, time:113 s
predict model begin training---------- 2021-05-15 17:49:24.716264
the loss of predict model epoch[1 / 1]:is   47, time:114 s
         epoch: 13 zzzzzzzzzzzzzzzz
common model begin training---------- 2021-05-15 17:51:18.935600
the loss of common model epoch[1 / 1]:is  516, time:113 s
predict model begin training---------- 2021-05-15 17:53:12.307255
the loss of predict model epoch[1 / 1]:is   47, time:114 s
         epoch: 14 zzzzzzzzzzzzzzzz
common model begin training---------- 2021-05-15 17:55:06.458249
the loss of common model epoch[1 / 1]:is  478, time:113 s
predict model begin training---------- 2021-05-15 17:56:59.645916
the loss of predict model epoch[1 / 1]:is   47, time:113 s
         epoch: 15 zzzzzzzzzzzzzzzz
common model begin training---------- 2021-05-15 17:58:53.540781
the loss of common model epoch[1 / 1]:is  444, time:113 s
predict model begin training---------- 2021-05-15 18:00:46.661938
the loss of predict model epoch[1 / 1]:is   47, time:114 s
         epoch: 16 zzzzzzzzzzzzzzzz
common model begin training---------- 2021-05-15 18:02:40.762390
the loss of common model epoch[1 / 1]:is  413, time:113 s
predict model begin training---------- 2021-05-15 18:04:33.930691
the loss of predict model epoch[1 / 1]:is   46, time:113 s
         epoch: 17 zzzzzzzzzzzzzzzz
common model begin training---------- 2021-05-15 18:06:27.739278
the loss of common model epoch[1 / 1]:is  386, time:113 s
predict model begin training---------- 2021-05-15 18:08:20.847203
the loss of predict model epoch[1 / 1]:is   46, time:114 s
         epoch: 18 zzzzzzzzzzzzzzzz
common model begin training---------- 2021-05-15 18:10:14.946483
the loss of common model epoch[1 / 1]:is  361, time:113 s
predict model begin training---------- 2021-05-15 18:12:08.042302
the loss of predict model epoch[1 / 1]:is   46, time:114 s
         epoch: 19 zzzzzzzzzzzzzzzz
common model begin training---------- 2021-05-15 18:14:02.204155
the loss of common model epoch[1 / 1]:is  342, time:113 s
predict model begin training---------- 2021-05-15 18:15:55.453090
the loss of predict model epoch[1 / 1]:is   46, time:114 s
         epoch: 20 zzzzzzzzzzzzzzzz
common model begin training---------- 2021-05-15 18:17:49.881537
the loss of common model epoch[1 / 1]:is  317, time:113 s
predict model begin training---------- 2021-05-15 18:19:43.202539
the loss of predict model epoch[1 / 1]:is   46, time:113 s
         epoch: 21 zzzzzzzzzzzzzzzz
common model begin training---------- 2021-05-15 18:21:36.894337
the loss of common model epoch[1 / 1]:is  302, time:113 s
predict model begin training---------- 2021-05-15 18:23:30.115712
the loss of predict model epoch[1 / 1]:is   46, time:114 s
         epoch: 22 zzzzzzzzzzzzzzzz
common model begin training---------- 2021-05-15 18:25:24.167336
the loss of common model epoch[1 / 1]:is  277, time:113 s
predict model begin training---------- 2021-05-15 18:27:17.385761
the loss of predict model epoch[1 / 1]:is   46, time:114 s
         epoch: 23 zzzzzzzzzzzzzzzz
common model begin training---------- 2021-05-15 18:29:11.616268
the loss of common model epoch[1 / 1]:is  262, time:113 s
predict model begin training---------- 2021-05-15 18:31:04.997999
the loss of predict model epoch[1 / 1]:is   46, time:114 s
         epoch: 24 zzzzzzzzzzzzzzzz
common model begin training---------- 2021-05-15 18:32:59.247780
the loss of common model epoch[1 / 1]:is  245, time:113 s
predict model begin training---------- 2021-05-15 18:34:52.765159
the loss of predict model epoch[1 / 1]:is   46, time:114 s
         epoch: 25 zzzzzzzzzzzzzzzz
common model begin training---------- 2021-05-15 18:36:47.204308
the loss of common model epoch[1 / 1]:is  230, time:113 s
predict model begin training---------- 2021-05-15 18:38:40.426070
the loss of predict model epoch[1 / 1]:is   45, time:114 s
         epoch: 26 zzzzzzzzzzzzzzzz
common model begin training---------- 2021-05-15 18:40:34.946828
the loss of common model epoch[1 / 1]:is  217, time:113 s
predict model begin training---------- 2021-05-15 18:42:28.106357
the loss of predict model epoch[1 / 1]:is   45, time:114 s
         epoch: 27 zzzzzzzzzzzzzzzz
common model begin training---------- 2021-05-15 18:44:22.342344
the loss of common model epoch[1 / 1]:is  202, time:113 s
predict model begin training---------- 2021-05-15 18:46:15.770583
the loss of predict model epoch[1 / 1]:is   45, time:114 s
         epoch: 28 zzzzzzzzzzzzzzzz
common model begin training---------- 2021-05-15 18:48:10.489534
the loss of common model epoch[1 / 1]:is  189, time:113 s
predict model begin training---------- 2021-05-15 18:50:03.730151
the loss of predict model epoch[1 / 1]:is   45, time:114 s
         epoch: 29 zzzzzzzzzzzzzzzz
common model begin training---------- 2021-05-15 18:51:58.373499
the loss of common model epoch[1 / 1]:is  178, time:113 s
predict model begin training---------- 2021-05-15 18:53:51.485324
the loss of predict model epoch[1 / 1]:is   45, time:114 s
evaluate the model
the total_loss of test model:is    6, time:4 s
avg_acc: 0.949272403562406 avg_aupr: 0.9331910018609723
 crossfold: 6 ----------------------------
         epoch: 0 zzzzzzzzzzzzzzzz
common model begin training---------- 2021-05-15 18:55:50.167275
the loss of common model epoch[1 / 1]:is 13269, time:124 s
predict model begin training---------- 2021-05-15 18:57:54.822920
the loss of predict model epoch[1 / 1]:is   72, time:219 s
         epoch: 1 zzzzzzzzzzzzzzzz
common model begin training---------- 2021-05-15 19:01:34.582406
the loss of common model epoch[1 / 1]:is 3752, time:180 s
predict model begin training---------- 2021-05-15 19:04:34.645651
the loss of predict model epoch[1 / 1]:is   61, time:211 s
         epoch: 2 zzzzzzzzzzzzzzzz
common model begin training---------- 2021-05-15 19:08:06.004314
the loss of common model epoch[1 / 1]:is 1971, time:163 s
predict model begin training---------- 2021-05-15 19:10:49.476327
the loss of predict model epoch[1 / 1]:is   54, time:188 s
         epoch: 3 zzzzzzzzzzzzzzzz
common model begin training---------- 2021-05-15 19:13:58.110954
the loss of common model epoch[1 / 1]:is 1486, time:219 s
predict model begin training---------- 2021-05-15 19:17:37.412466
the loss of predict model epoch[1 / 1]:is   52, time:192 s
         epoch: 4 zzzzzzzzzzzzzzzz
common model begin training---------- 2021-05-15 19:20:49.630443
the loss of common model epoch[1 / 1]:is 1346, time:115 s
predict model begin training---------- 2021-05-15 19:22:45.373093
the loss of predict model epoch[1 / 1]:is   51, time:114 s
         epoch: 5 zzzzzzzzzzzzzzzz
common model begin training---------- 2021-05-15 19:24:40.192997
the loss of common model epoch[1 / 1]:is 1240, time:139 s
predict model begin training---------- 2021-05-15 19:26:59.827922
the loss of predict model epoch[1 / 1]:is   50, time:232 s
         epoch: 6 zzzzzzzzzzzzzzzz
common model begin training---------- 2021-05-15 19:30:52.840450
the loss of common model epoch[1 / 1]:is 1154, time:160 s
predict model begin training---------- 2021-05-15 19:33:33.405307
the loss of predict model epoch[1 / 1]:is   50, time:209 s
         epoch: 7 zzzzzzzzzzzzzzzz
common model begin training---------- 2021-05-15 19:37:02.847015
the loss of common model epoch[1 / 1]:is 1112, time:191 s
predict model begin training---------- 2021-05-15 19:40:14.817833
the loss of predict model epoch[1 / 1]:is   50, time:133 s
         epoch: 8 zzzzzzzzzzzzzzzz
common model begin training---------- 2021-05-15 19:42:28.422329
the loss of common model epoch[1 / 1]:is 1032, time:127 s
predict model begin training---------- 2021-05-15 19:44:35.703618
the loss of predict model epoch[1 / 1]:is   50, time:149 s
         epoch: 9 zzzzzzzzzzzzzzzz
common model begin training---------- 2021-05-15 19:47:05.353134
the loss of common model epoch[1 / 1]:is  971, time:148 s
predict model begin training---------- 2021-05-15 19:49:34.364057
the loss of predict model epoch[1 / 1]:is   50, time:149 s
         epoch: 10 zzzzzzzzzzzzzzzz
common model begin training---------- 2021-05-15 19:52:04.134614
the loss of common model epoch[1 / 1]:is  906, time:149 s
predict model begin training---------- 2021-05-15 19:54:33.275976
the loss of predict model epoch[1 / 1]:is   49, time:149 s
         epoch: 11 zzzzzzzzzzzzzzzz
common model begin training---------- 2021-05-15 19:57:02.773147
the loss of common model epoch[1 / 1]:is  875, time:149 s
predict model begin training---------- 2021-05-15 19:59:32.027828
the loss of predict model epoch[1 / 1]:is   50, time:150 s
         epoch: 12 zzzzzzzzzzzzzzzz
common model begin training---------- 2021-05-15 20:02:02.168879
the loss of common model epoch[1 / 1]:is  802, time:148 s
predict model begin training---------- 2021-05-15 20:04:30.688664
the loss of predict model epoch[1 / 1]:is   50, time:150 s
         epoch: 13 zzzzzzzzzzzzzzzz
common model begin training---------- 2021-05-15 20:07:00.749497
the loss of common model epoch[1 / 1]:is  756, time:149 s
predict model begin training---------- 2021-05-15 20:09:30.630087
the loss of predict model epoch[1 / 1]:is   48, time:149 s
         epoch: 14 zzzzzzzzzzzzzzzz
common model begin training---------- 2021-05-15 20:12:00.593803
the loss of common model epoch[1 / 1]:is  724, time:148 s
predict model begin training---------- 2021-05-15 20:14:28.992404
the loss of predict model epoch[1 / 1]:is   49, time:150 s
         epoch: 15 zzzzzzzzzzzzzzzz
common model begin training---------- 2021-05-15 20:16:59.052970
the loss of common model epoch[1 / 1]:is  674, time:149 s
predict model begin training---------- 2021-05-15 20:19:28.254158
the loss of predict model epoch[1 / 1]:is   49, time:149 s
         epoch: 16 zzzzzzzzzzzzzzzz
common model begin training---------- 2021-05-15 20:21:58.249939
the loss of common model epoch[1 / 1]:is  648, time:149 s
predict model begin training---------- 2021-05-15 20:24:27.475512
the loss of predict model epoch[1 / 1]:is   49, time:149 s
         epoch: 17 zzzzzzzzzzzzzzzz
common model begin training---------- 2021-05-15 20:26:57.339266
the loss of common model epoch[1 / 1]:is  604, time:149 s
predict model begin training---------- 2021-05-15 20:29:26.381264
the loss of predict model epoch[1 / 1]:is   49, time:150 s
         epoch: 18 zzzzzzzzzzzzzzzz
common model begin training---------- 2021-05-15 20:31:56.483729
the loss of common model epoch[1 / 1]:is  571, time:149 s
predict model begin training---------- 2021-05-15 20:34:25.534177
the loss of predict model epoch[1 / 1]:is   49, time:150 s
         epoch: 19 zzzzzzzzzzzzzzzz
common model begin training---------- 2021-05-15 20:36:55.714505
the loss of common model epoch[1 / 1]:is  534, time:149 s
predict model begin training---------- 2021-05-15 20:39:24.878701
the loss of predict model epoch[1 / 1]:is   49, time:149 s
         epoch: 20 zzzzzzzzzzzzzzzz
common model begin training---------- 2021-05-15 20:41:54.299530
the loss of common model epoch[1 / 1]:is  516, time:149 s
predict model begin training---------- 2021-05-15 20:44:23.692090
the loss of predict model epoch[1 / 1]:is   49, time:149 s
         epoch: 21 zzzzzzzzzzzzzzzz
common model begin training---------- 2021-05-15 20:46:53.329463
the loss of common model epoch[1 / 1]:is  486, time:148 s
predict model begin training---------- 2021-05-15 20:49:22.151835
the loss of predict model epoch[1 / 1]:is   49, time:150 s
         epoch: 22 zzzzzzzzzzzzzzzz
common model begin training---------- 2021-05-15 20:51:52.227050
the loss of common model epoch[1 / 1]:is  465, time:149 s
predict model begin training---------- 2021-05-15 20:54:21.733409
the loss of predict model epoch[1 / 1]:is   48, time:150 s
         epoch: 23 zzzzzzzzzzzzzzzz
common model begin training---------- 2021-05-15 20:56:52.151845
the loss of common model epoch[1 / 1]:is  445, time:148 s
predict model begin training---------- 2021-05-15 20:59:21.169855
the loss of predict model epoch[1 / 1]:is   48, time:149 s
         epoch: 24 zzzzzzzzzzzzzzzz
common model begin training---------- 2021-05-15 21:01:50.489727
the loss of common model epoch[1 / 1]:is  421, time:148 s
predict model begin training---------- 2021-05-15 21:04:19.363527
the loss of predict model epoch[1 / 1]:is   48, time:149 s
         epoch: 25 zzzzzzzzzzzzzzzz
common model begin training---------- 2021-05-15 21:06:49.332845
the loss of common model epoch[1 / 1]:is  411, time:148 s
predict model begin training---------- 2021-05-15 21:09:18.266642
the loss of predict model epoch[1 / 1]:is   48, time:149 s
         epoch: 26 zzzzzzzzzzzzzzzz
common model begin training---------- 2021-05-15 21:11:47.781025
the loss of common model epoch[1 / 1]:is  382, time:149 s
predict model begin training---------- 2021-05-15 21:14:17.125788
the loss of predict model epoch[1 / 1]:is   48, time:149 s
         epoch: 27 zzzzzzzzzzzzzzzz
common model begin training---------- 2021-05-15 21:16:47.111271
the loss of common model epoch[1 / 1]:is  375, time:148 s
predict model begin training---------- 2021-05-15 21:19:15.911022
the loss of predict model epoch[1 / 1]:is   48, time:149 s
         epoch: 28 zzzzzzzzzzzzzzzz
common model begin training---------- 2021-05-15 21:21:45.371967
the loss of common model epoch[1 / 1]:is  355, time:149 s
predict model begin training---------- 2021-05-15 21:24:14.622237
the loss of predict model epoch[1 / 1]:is   48, time:150 s
         epoch: 29 zzzzzzzzzzzzzzzz
common model begin training---------- 2021-05-15 21:26:44.770245
the loss of common model epoch[1 / 1]:is  342, time:149 s
predict model begin training---------- 2021-05-15 21:29:13.852330
the loss of predict model epoch[1 / 1]:is   48, time:149 s
evaluate the model
the total_loss of test model:is    7, time:5 s
avg_acc: 0.9250688858033788 avg_aupr: 0.9170565405492046
 crossfold: 7 ----------------------------
         epoch: 0 zzzzzzzzzzzzzzzz
common model begin training---------- 2021-05-15 21:31:49.039835
the loss of common model epoch[1 / 1]:is 6833, time:148 s
predict model begin training---------- 2021-05-15 21:34:17.391613
the loss of predict model epoch[1 / 1]:is   73, time:149 s
         epoch: 1 zzzzzzzzzzzzzzzz
common model begin training---------- 2021-05-15 21:36:46.507172
the loss of common model epoch[1 / 1]:is 2015, time:148 s
predict model begin training---------- 2021-05-15 21:39:15.505166
the loss of predict model epoch[1 / 1]:is   60, time:149 s
         epoch: 2 zzzzzzzzzzzzzzzz
common model begin training---------- 2021-05-15 21:41:44.759582
the loss of common model epoch[1 / 1]:is 1267, time:148 s
predict model begin training---------- 2021-05-15 21:44:13.252723
the loss of predict model epoch[1 / 1]:is   55, time:149 s
         epoch: 3 zzzzzzzzzzzzzzzz
common model begin training---------- 2021-05-15 21:46:43.261466
the loss of common model epoch[1 / 1]:is 1127, time:149 s
predict model begin training---------- 2021-05-15 21:49:13.102932
the loss of predict model epoch[1 / 1]:is   53, time:149 s
         epoch: 4 zzzzzzzzzzzzzzzz
common model begin training---------- 2021-05-15 21:51:42.907391
the loss of common model epoch[1 / 1]:is 1026, time:149 s
predict model begin training---------- 2021-05-15 21:54:12.555060
the loss of predict model epoch[1 / 1]:is   53, time:149 s
         epoch: 5 zzzzzzzzzzzzzzzz
common model begin training---------- 2021-05-15 21:56:42.355607
the loss of common model epoch[1 / 1]:is  937, time:148 s
predict model begin training---------- 2021-05-15 21:59:11.326696
the loss of predict model epoch[1 / 1]:is   52, time:149 s
         epoch: 6 zzzzzzzzzzzzzzzz
common model begin training---------- 2021-05-15 22:01:41.053869
the loss of common model epoch[1 / 1]:is  879, time:148 s
predict model begin training---------- 2021-05-15 22:04:09.945522
the loss of predict model epoch[1 / 1]:is   53, time:149 s
         epoch: 7 zzzzzzzzzzzzzzzz
common model begin training---------- 2021-05-15 22:06:39.422975
the loss of common model epoch[1 / 1]:is  815, time:148 s
predict model begin training---------- 2021-05-15 22:09:08.408881
the loss of predict model epoch[1 / 1]:is   52, time:149 s
         epoch: 8 zzzzzzzzzzzzzzzz
common model begin training---------- 2021-05-15 22:11:37.985090
the loss of common model epoch[1 / 1]:is  761, time:149 s
predict model begin training---------- 2021-05-15 22:14:07.352935
the loss of predict model epoch[1 / 1]:is   53, time:149 s
         epoch: 9 zzzzzzzzzzzzzzzz
common model begin training---------- 2021-05-15 22:16:37.151002
the loss of common model epoch[1 / 1]:is  713, time:148 s
predict model begin training---------- 2021-05-15 22:19:06.023343
the loss of predict model epoch[1 / 1]:is   51, time:149 s
         epoch: 10 zzzzzzzzzzzzzzzz
common model begin training---------- 2021-05-15 22:21:35.819080
the loss of common model epoch[1 / 1]:is  671, time:149 s
predict model begin training---------- 2021-05-15 22:24:05.162908
the loss of predict model epoch[1 / 1]:is   52, time:150 s
         epoch: 11 zzzzzzzzzzzzzzzz
common model begin training---------- 2021-05-15 22:26:35.360819
the loss of common model epoch[1 / 1]:is  630, time:148 s
predict model begin training---------- 2021-05-15 22:29:04.340676
the loss of predict model epoch[1 / 1]:is   51, time:150 s
         epoch: 12 zzzzzzzzzzzzzzzz
common model begin training---------- 2021-05-15 22:31:34.555545
the loss of common model epoch[1 / 1]:is  594, time:148 s
predict model begin training---------- 2021-05-15 22:34:03.421824
the loss of predict model epoch[1 / 1]:is   51, time:150 s
         epoch: 13 zzzzzzzzzzzzzzzz
common model begin training---------- 2021-05-15 22:36:33.686351
the loss of common model epoch[1 / 1]:is  562, time:148 s
predict model begin training---------- 2021-05-15 22:39:02.697800
the loss of predict model epoch[1 / 1]:is   50, time:149 s
         epoch: 14 zzzzzzzzzzzzzzzz
common model begin training---------- 2021-05-15 22:41:32.275327
the loss of common model epoch[1 / 1]:is  527, time:149 s
predict model begin training---------- 2021-05-15 22:44:01.704466
the loss of predict model epoch[1 / 1]:is   50, time:149 s
         epoch: 15 zzzzzzzzzzzzzzzz
common model begin training---------- 2021-05-15 22:46:31.315860
the loss of common model epoch[1 / 1]:is  504, time:149 s
predict model begin training---------- 2021-05-15 22:49:00.387919
the loss of predict model epoch[1 / 1]:is   50, time:149 s
         epoch: 16 zzzzzzzzzzzzzzzz
common model begin training---------- 2021-05-15 22:51:30.345915
the loss of common model epoch[1 / 1]:is  470, time:148 s
predict model begin training---------- 2021-05-15 22:53:59.250198
the loss of predict model epoch[1 / 1]:is   50, time:150 s
         epoch: 17 zzzzzzzzzzzzzzzz
common model begin training---------- 2021-05-15 22:56:29.363584
the loss of common model epoch[1 / 1]:is  439, time:149 s
predict model begin training---------- 2021-05-15 22:58:58.508641
the loss of predict model epoch[1 / 1]:is   49, time:149 s
         epoch: 18 zzzzzzzzzzzzzzzz
common model begin training---------- 2021-05-15 23:01:28.508237
the loss of common model epoch[1 / 1]:is  413, time:149 s
predict model begin training---------- 2021-05-15 23:03:57.991661
the loss of predict model epoch[1 / 1]:is   49, time:149 s
         epoch: 19 zzzzzzzzzzzzzzzz
common model begin training---------- 2021-05-15 23:06:27.375124
the loss of common model epoch[1 / 1]:is  395, time:149 s
predict model begin training---------- 2021-05-15 23:08:56.399836
the loss of predict model epoch[1 / 1]:is   49, time:150 s
         epoch: 20 zzzzzzzzzzzzzzzz
common model begin training---------- 2021-05-15 23:11:26.439393
the loss of common model epoch[1 / 1]:is  379, time:149 s
predict model begin training---------- 2021-05-15 23:13:55.514985
the loss of predict model epoch[1 / 1]:is   48, time:149 s
         epoch: 21 zzzzzzzzzzzzzzzz
common model begin training---------- 2021-05-15 23:16:25.217906
the loss of common model epoch[1 / 1]:is  357, time:149 s
predict model begin training---------- 2021-05-15 23:18:54.718850
the loss of predict model epoch[1 / 1]:is   49, time:150 s
         epoch: 22 zzzzzzzzzzzzzzzz
common model begin training---------- 2021-05-15 23:21:24.877136
the loss of common model epoch[1 / 1]:is  337, time:149 s
predict model begin training---------- 2021-05-15 23:23:53.973594
the loss of predict model epoch[1 / 1]:is   49, time:149 s
         epoch: 23 zzzzzzzzzzzzzzzz
common model begin training---------- 2021-05-15 23:26:23.493015
the loss of common model epoch[1 / 1]:is  331, time:149 s
predict model begin training---------- 2021-05-15 23:28:52.779424
the loss of predict model epoch[1 / 1]:is   48, time:150 s
         epoch: 24 zzzzzzzzzzzzzzzz
common model begin training---------- 2021-05-15 23:31:22.919105
the loss of common model epoch[1 / 1]:is  317, time:149 s
predict model begin training---------- 2021-05-15 23:33:52.139546
the loss of predict model epoch[1 / 1]:is   48, time:149 s
         epoch: 25 zzzzzzzzzzzzzzzz
common model begin training---------- 2021-05-15 23:36:21.399996
the loss of common model epoch[1 / 1]:is  307, time:148 s
predict model begin training---------- 2021-05-15 23:38:50.212785
the loss of predict model epoch[1 / 1]:is   48, time:149 s
         epoch: 26 zzzzzzzzzzzzzzzz
common model begin training---------- 2021-05-15 23:41:19.736942
the loss of common model epoch[1 / 1]:is  288, time:149 s
predict model begin training---------- 2021-05-15 23:43:48.963075
the loss of predict model epoch[1 / 1]:is   48, time:149 s
         epoch: 27 zzzzzzzzzzzzzzzz
common model begin training---------- 2021-05-15 23:46:18.504571
the loss of common model epoch[1 / 1]:is  282, time:148 s
predict model begin training---------- 2021-05-15 23:48:47.477930
the loss of predict model epoch[1 / 1]:is   47, time:148 s
         epoch: 28 zzzzzzzzzzzzzzzz
common model begin training---------- 2021-05-15 23:51:16.458223
the loss of common model epoch[1 / 1]:is  269, time:148 s
predict model begin training---------- 2021-05-15 23:53:45.107157
the loss of predict model epoch[1 / 1]:is   48, time:149 s
         epoch: 29 zzzzzzzzzzzzzzzz
common model begin training---------- 2021-05-15 23:56:14.325420
the loss of common model epoch[1 / 1]:is  263, time:148 s
predict model begin training---------- 2021-05-15 23:58:43.268370
the loss of predict model epoch[1 / 1]:is   48, time:149 s
evaluate the model
the total_loss of test model:is    5, time:5 s
avg_acc: 0.9340089780381284 avg_aupr: 0.9229350495905393
 crossfold: 8 ----------------------------
         epoch: 0 zzzzzzzzzzzzzzzz
common model begin training---------- 2021-05-16 00:01:18.211479
the loss of common model epoch[1 / 1]:is 6026, time:148 s
predict model begin training---------- 2021-05-16 00:03:47.148854
the loss of predict model epoch[1 / 1]:is   74, time:149 s
         epoch: 1 zzzzzzzzzzzzzzzz
common model begin training---------- 2021-05-16 00:06:16.590608
the loss of common model epoch[1 / 1]:is 1700, time:148 s
predict model begin training---------- 2021-05-16 00:08:45.491717
the loss of predict model epoch[1 / 1]:is   60, time:149 s
         epoch: 2 zzzzzzzzzzzzzzzz
common model begin training---------- 2021-05-16 00:11:14.769007
the loss of common model epoch[1 / 1]:is  885, time:149 s
predict model begin training---------- 2021-05-16 00:13:44.172014
the loss of predict model epoch[1 / 1]:is   55, time:150 s
         epoch: 3 zzzzzzzzzzzzzzzz
common model begin training---------- 2021-05-16 00:16:14.596234
the loss of common model epoch[1 / 1]:is  698, time:149 s
predict model begin training---------- 2021-05-16 00:18:43.794873
the loss of predict model epoch[1 / 1]:is   52, time:149 s
         epoch: 4 zzzzzzzzzzzzzzzz
common model begin training---------- 2021-05-16 00:21:13.404982
the loss of common model epoch[1 / 1]:is  617, time:149 s
predict model begin training---------- 2021-05-16 00:23:42.476920
the loss of predict model epoch[1 / 1]:is   51, time:149 s
         epoch: 5 zzzzzzzzzzzzzzzz
common model begin training---------- 2021-05-16 00:26:12.497011
the loss of common model epoch[1 / 1]:is  569, time:148 s
predict model begin training---------- 2021-05-16 00:28:41.076302
the loss of predict model epoch[1 / 1]:is   51, time:149 s
         epoch: 6 zzzzzzzzzzzzzzzz
common model begin training---------- 2021-05-16 00:31:10.590029
the loss of common model epoch[1 / 1]:is  542, time:148 s
predict model begin training---------- 2021-05-16 00:33:39.438249
the loss of predict model epoch[1 / 1]:is   51, time:149 s
         epoch: 7 zzzzzzzzzzzzzzzz
common model begin training---------- 2021-05-16 00:36:08.958795
the loss of common model epoch[1 / 1]:is  511, time:149 s
predict model begin training---------- 2021-05-16 00:38:38.508531
the loss of predict model epoch[1 / 1]:is   50, time:148 s
         epoch: 8 zzzzzzzzzzzzzzzz
common model begin training---------- 2021-05-16 00:41:07.487472
the loss of common model epoch[1 / 1]:is  487, time:148 s
predict model begin training---------- 2021-05-16 00:43:36.314463
the loss of predict model epoch[1 / 1]:is   50, time:149 s
         epoch: 9 zzzzzzzzzzzzzzzz
common model begin training---------- 2021-05-16 00:46:05.681804
the loss of common model epoch[1 / 1]:is  468, time:149 s
predict model begin training---------- 2021-05-16 00:48:34.844218
the loss of predict model epoch[1 / 1]:is   50, time:149 s
         epoch: 10 zzzzzzzzzzzzzzzz
common model begin training---------- 2021-05-16 00:51:04.133184
the loss of common model epoch[1 / 1]:is  438, time:149 s
predict model begin training---------- 2021-05-16 00:53:33.639484
the loss of predict model epoch[1 / 1]:is   50, time:149 s
         epoch: 11 zzzzzzzzzzzzzzzz
common model begin training---------- 2021-05-16 00:56:02.870835
the loss of common model epoch[1 / 1]:is  423, time:149 s
predict model begin training---------- 2021-05-16 00:58:31.997981
the loss of predict model epoch[1 / 1]:is   49, time:149 s
         epoch: 12 zzzzzzzzzzzzzzzz
common model begin training---------- 2021-05-16 01:01:02.002760
the loss of common model epoch[1 / 1]:is  395, time:148 s
predict model begin training---------- 2021-05-16 01:03:30.976899
the loss of predict model epoch[1 / 1]:is   50, time:149 s
         epoch: 13 zzzzzzzzzzzzzzzz
common model begin training---------- 2021-05-16 01:06:00.573855
the loss of common model epoch[1 / 1]:is  387, time:148 s
predict model begin training---------- 2021-05-16 01:08:29.309173
the loss of predict model epoch[1 / 1]:is   49, time:149 s
         epoch: 14 zzzzzzzzzzzzzzzz
common model begin training---------- 2021-05-16 01:10:59.101343
the loss of common model epoch[1 / 1]:is  368, time:148 s
predict model begin training---------- 2021-05-16 01:13:27.939672
the loss of predict model epoch[1 / 1]:is   49, time:149 s
         epoch: 15 zzzzzzzzzzzzzzzz
common model begin training---------- 2021-05-16 01:15:57.721139
the loss of common model epoch[1 / 1]:is  359, time:148 s
predict model begin training---------- 2021-05-16 01:18:26.391755
the loss of predict model epoch[1 / 1]:is   49, time:149 s
         epoch: 16 zzzzzzzzzzzzzzzz
common model begin training---------- 2021-05-16 01:20:56.052437
the loss of common model epoch[1 / 1]:is  349, time:148 s
predict model begin training---------- 2021-05-16 01:23:24.678811
the loss of predict model epoch[1 / 1]:is   48, time:149 s
         epoch: 17 zzzzzzzzzzzzzzzz
common model begin training---------- 2021-05-16 01:25:54.232532
the loss of common model epoch[1 / 1]:is  335, time:148 s
predict model begin training---------- 2021-05-16 01:28:23.075931
the loss of predict model epoch[1 / 1]:is   49, time:149 s
         epoch: 18 zzzzzzzzzzzzzzzz
common model begin training---------- 2021-05-16 01:30:52.513664
the loss of common model epoch[1 / 1]:is  328, time:149 s
predict model begin training---------- 2021-05-16 01:33:21.636158
the loss of predict model epoch[1 / 1]:is   48, time:149 s
         epoch: 19 zzzzzzzzzzzzzzzz
common model begin training---------- 2021-05-16 01:35:51.513523
the loss of common model epoch[1 / 1]:is  303, time:148 s
predict model begin training---------- 2021-05-16 01:38:20.127316
the loss of predict model epoch[1 / 1]:is   48, time:149 s
         epoch: 20 zzzzzzzzzzzzzzzz
common model begin training---------- 2021-05-16 01:40:49.764046
the loss of common model epoch[1 / 1]:is  306, time:149 s
predict model begin training---------- 2021-05-16 01:43:18.871699
the loss of predict model epoch[1 / 1]:is   48, time:149 s
         epoch: 21 zzzzzzzzzzzzzzzz
common model begin training---------- 2021-05-16 01:45:48.833471
the loss of common model epoch[1 / 1]:is  297, time:149 s
predict model begin training---------- 2021-05-16 01:48:18.090914
the loss of predict model epoch[1 / 1]:is   48, time:149 s
         epoch: 22 zzzzzzzzzzzzzzzz
common model begin training---------- 2021-05-16 01:50:47.633720
the loss of common model epoch[1 / 1]:is  287, time:148 s
predict model begin training---------- 2021-05-16 01:53:16.186501
the loss of predict model epoch[1 / 1]:is   48, time:149 s
         epoch: 23 zzzzzzzzzzzzzzzz
common model begin training---------- 2021-05-16 01:55:46.108897
the loss of common model epoch[1 / 1]:is  284, time:149 s
predict model begin training---------- 2021-05-16 01:58:15.196243
the loss of predict model epoch[1 / 1]:is   48, time:150 s
         epoch: 24 zzzzzzzzzzzzzzzz
common model begin training---------- 2021-05-16 02:00:45.648117
the loss of common model epoch[1 / 1]:is  276, time:149 s
predict model begin training---------- 2021-05-16 02:03:15.050326
the loss of predict model epoch[1 / 1]:is   48, time:149 s
         epoch: 25 zzzzzzzzzzzzzzzz
common model begin training---------- 2021-05-16 02:05:44.659928
the loss of common model epoch[1 / 1]:is  268, time:148 s
predict model begin training---------- 2021-05-16 02:08:13.257070
the loss of predict model epoch[1 / 1]:is   48, time:149 s
         epoch: 26 zzzzzzzzzzzzzzzz
common model begin training---------- 2021-05-16 02:10:42.539505
the loss of common model epoch[1 / 1]:is  264, time:148 s
predict model begin training---------- 2021-05-16 02:13:11.391562
the loss of predict model epoch[1 / 1]:is   48, time:149 s
         epoch: 27 zzzzzzzzzzzzzzzz
common model begin training---------- 2021-05-16 02:15:41.146361
the loss of common model epoch[1 / 1]:is  250, time:148 s
predict model begin training---------- 2021-05-16 02:18:09.869300
the loss of predict model epoch[1 / 1]:is   48, time:149 s
         epoch: 28 zzzzzzzzzzzzzzzz
common model begin training---------- 2021-05-16 02:20:39.354811
the loss of common model epoch[1 / 1]:is  261, time:148 s
predict model begin training---------- 2021-05-16 02:23:08.037351
the loss of predict model epoch[1 / 1]:is   48, time:149 s
         epoch: 29 zzzzzzzzzzzzzzzz
common model begin training---------- 2021-05-16 02:25:37.349760
the loss of common model epoch[1 / 1]:is  260, time:149 s
predict model begin training---------- 2021-05-16 02:28:06.578694
the loss of predict model epoch[1 / 1]:is   48, time:149 s
evaluate the model
the total_loss of test model:is    7, time:5 s
avg_acc: 0.9446352339939239 avg_aupr: 0.938422360664774
 crossfold: 9 ----------------------------
         epoch: 0 zzzzzzzzzzzzzzzz
common model begin training---------- 2021-05-16 02:30:41.548809
the loss of common model epoch[1 / 1]:is 8950, time:148 s
predict model begin training---------- 2021-05-16 02:33:09.962769
the loss of predict model epoch[1 / 1]:is   64, time:149 s
         epoch: 1 zzzzzzzzzzzzzzzz
common model begin training---------- 2021-05-16 02:35:39.396290
the loss of common model epoch[1 / 1]:is 1487, time:149 s
predict model begin training---------- 2021-05-16 02:38:09.000914
the loss of predict model epoch[1 / 1]:is   54, time:149 s
         epoch: 2 zzzzzzzzzzzzzzzz
common model begin training---------- 2021-05-16 02:40:38.618089
the loss of common model epoch[1 / 1]:is  671, time:149 s
predict model begin training---------- 2021-05-16 02:43:07.707751
the loss of predict model epoch[1 / 1]:is   50, time:150 s
         epoch: 3 zzzzzzzzzzzzzzzz
common model begin training---------- 2021-05-16 02:45:37.882244
the loss of common model epoch[1 / 1]:is  515, time:149 s
predict model begin training---------- 2021-05-16 02:48:07.132615
the loss of predict model epoch[1 / 1]:is   49, time:150 s
         epoch: 4 zzzzzzzzzzzzzzzz
common model begin training---------- 2021-05-16 02:50:37.506143
the loss of common model epoch[1 / 1]:is  460, time:149 s
predict model begin training---------- 2021-05-16 02:53:06.849301
the loss of predict model epoch[1 / 1]:is   48, time:150 s
         epoch: 5 zzzzzzzzzzzzzzzz
common model begin training---------- 2021-05-16 02:55:37.176414
the loss of common model epoch[1 / 1]:is  415, time:149 s
predict model begin training---------- 2021-05-16 02:58:06.567003
the loss of predict model epoch[1 / 1]:is   48, time:149 s
         epoch: 6 zzzzzzzzzzzzzzzz
common model begin training---------- 2021-05-16 03:00:35.881962
the loss of common model epoch[1 / 1]:is  386, time:148 s
predict model begin training---------- 2021-05-16 03:03:04.895503
the loss of predict model epoch[1 / 1]:is   47, time:149 s
         epoch: 7 zzzzzzzzzzzzzzzz
common model begin training---------- 2021-05-16 03:05:34.424030
the loss of common model epoch[1 / 1]:is  352, time:148 s
predict model begin training---------- 2021-05-16 03:08:03.422412
the loss of predict model epoch[1 / 1]:is   47, time:149 s
         epoch: 8 zzzzzzzzzzzzzzzz
common model begin training---------- 2021-05-16 03:10:32.928208
the loss of common model epoch[1 / 1]:is  331, time:149 s
predict model begin training---------- 2021-05-16 03:13:02.290259
the loss of predict model epoch[1 / 1]:is   47, time:149 s
         epoch: 9 zzzzzzzzzzzzzzzz
common model begin training---------- 2021-05-16 03:15:31.456455
the loss of common model epoch[1 / 1]:is  304, time:148 s
predict model begin training---------- 2021-05-16 03:18:00.154687
the loss of predict model epoch[1 / 1]:is   46, time:149 s
         epoch: 10 zzzzzzzzzzzzzzzz
common model begin training---------- 2021-05-16 03:20:30.047799
the loss of common model epoch[1 / 1]:is  291, time:149 s
predict model begin training---------- 2021-05-16 03:22:59.599809
the loss of predict model epoch[1 / 1]:is   46, time:150 s
         epoch: 11 zzzzzzzzzzzzzzzz
common model begin training---------- 2021-05-16 03:25:29.636448
the loss of common model epoch[1 / 1]:is  265, time:149 s
predict model begin training---------- 2021-05-16 03:27:58.761502
the loss of predict model epoch[1 / 1]:is   46, time:150 s
         epoch: 12 zzzzzzzzzzzzzzzz
common model begin training---------- 2021-05-16 03:30:28.796186
the loss of common model epoch[1 / 1]:is  252, time:149 s
predict model begin training---------- 2021-05-16 03:32:58.139926
the loss of predict model epoch[1 / 1]:is   46, time:150 s
         epoch: 13 zzzzzzzzzzzzzzzz
common model begin training---------- 2021-05-16 03:35:28.419406
the loss of common model epoch[1 / 1]:is  243, time:149 s
predict model begin training---------- 2021-05-16 03:37:57.629839
the loss of predict model epoch[1 / 1]:is   46, time:150 s
         epoch: 14 zzzzzzzzzzzzzzzz
common model begin training---------- 2021-05-16 03:40:27.760307
the loss of common model epoch[1 / 1]:is  230, time:149 s
predict model begin training---------- 2021-05-16 03:42:57.322186
the loss of predict model epoch[1 / 1]:is   46, time:149 s
         epoch: 15 zzzzzzzzzzzzzzzz
common model begin training---------- 2021-05-16 03:45:26.993520
the loss of common model epoch[1 / 1]:is  219, time:149 s
predict model begin training---------- 2021-05-16 03:47:56.596129
the loss of predict model epoch[1 / 1]:is   45, time:149 s
         epoch: 16 zzzzzzzzzzzzzzzz
common model begin training---------- 2021-05-16 03:50:26.369082
the loss of common model epoch[1 / 1]:is  203, time:148 s
predict model begin training---------- 2021-05-16 03:52:55.231039
the loss of predict model epoch[1 / 1]:is   46, time:149 s
         epoch: 17 zzzzzzzzzzzzzzzz
common model begin training---------- 2021-05-16 03:55:25.172597
the loss of common model epoch[1 / 1]:is  195, time:148 s
predict model begin training---------- 2021-05-16 03:57:54.018412
the loss of predict model epoch[1 / 1]:is   45, time:149 s
         epoch: 18 zzzzzzzzzzzzzzzz
common model begin training---------- 2021-05-16 04:00:23.899045
the loss of common model epoch[1 / 1]:is  184, time:149 s
predict model begin training---------- 2021-05-16 04:02:53.601955
the loss of predict model epoch[1 / 1]:is   45, time:149 s
         epoch: 19 zzzzzzzzzzzzzzzz
common model begin training---------- 2021-05-16 04:05:23.598243
the loss of common model epoch[1 / 1]:is  180, time:149 s
predict model begin training---------- 2021-05-16 04:07:53.179101
the loss of predict model epoch[1 / 1]:is   45, time:149 s
         epoch: 20 zzzzzzzzzzzzzzzz
common model begin training---------- 2021-05-16 04:10:22.949678
the loss of common model epoch[1 / 1]:is  170, time:149 s
predict model begin training---------- 2021-05-16 04:12:52.179706
the loss of predict model epoch[1 / 1]:is   45, time:149 s
         epoch: 21 zzzzzzzzzzzzzzzz
common model begin training---------- 2021-05-16 04:15:22.025427
the loss of common model epoch[1 / 1]:is  162, time:149 s
predict model begin training---------- 2021-05-16 04:17:51.533794
the loss of predict model epoch[1 / 1]:is   45, time:149 s
         epoch: 22 zzzzzzzzzzzzzzzz
common model begin training---------- 2021-05-16 04:20:21.060486
the loss of common model epoch[1 / 1]:is  160, time:148 s
predict model begin training---------- 2021-05-16 04:22:49.963810
the loss of predict model epoch[1 / 1]:is   45, time:149 s
         epoch: 23 zzzzzzzzzzzzzzzz
common model begin training---------- 2021-05-16 04:25:19.337542
the loss of common model epoch[1 / 1]:is  151, time:149 s
predict model begin training---------- 2021-05-16 04:27:48.550515
the loss of predict model epoch[1 / 1]:is   45, time:149 s
         epoch: 24 zzzzzzzzzzzzzzzz
common model begin training---------- 2021-05-16 04:30:18.383415
the loss of common model epoch[1 / 1]:is  148, time:149 s
predict model begin training---------- 2021-05-16 04:32:47.503942
the loss of predict model epoch[1 / 1]:is   45, time:149 s
         epoch: 25 zzzzzzzzzzzzzzzz
common model begin training---------- 2021-05-16 04:35:16.890211
the loss of common model epoch[1 / 1]:is  140, time:149 s
predict model begin training---------- 2021-05-16 04:37:46.140894
the loss of predict model epoch[1 / 1]:is   45, time:149 s
         epoch: 26 zzzzzzzzzzzzzzzz
common model begin training---------- 2021-05-16 04:40:15.689685
the loss of common model epoch[1 / 1]:is  136, time:149 s
predict model begin training---------- 2021-05-16 04:42:44.824633
the loss of predict model epoch[1 / 1]:is   45, time:150 s
         epoch: 27 zzzzzzzzzzzzzzzz
common model begin training---------- 2021-05-16 04:45:14.944700
the loss of common model epoch[1 / 1]:is  129, time:149 s
predict model begin training---------- 2021-05-16 04:47:44.581742
the loss of predict model epoch[1 / 1]:is   45, time:150 s
         epoch: 28 zzzzzzzzzzzzzzzz
common model begin training---------- 2021-05-16 04:50:14.882940
the loss of common model epoch[1 / 1]:is  127, time:149 s
predict model begin training---------- 2021-05-16 04:52:44.070241
the loss of predict model epoch[1 / 1]:is   44, time:150 s
         epoch: 29 zzzzzzzzzzzzzzzz
common model begin training---------- 2021-05-16 04:55:14.179752
the loss of common model epoch[1 / 1]:is  124, time:149 s
predict model begin training---------- 2021-05-16 04:57:43.392472
the loss of predict model epoch[1 / 1]:is   44, time:150 s
evaluate the model
the total_loss of test model:is    7, time:5 s
avg_acc: 0.9371920286607288 avg_aupr: 0.9215808400949771
Done!
All_training time: 113912.87499022484
